[2026-04-17T20:34:36.700Z] RESEND SUCCESS: {"id":"183bbe55-9c1a-4e1a-afd4-d5ed8f338bb3"}
[2026-04-17T21:14:23.969Z] MEMULAI PENGIRIMAN: User f3f43311-4e42-401f-b59f-56964ac3ab6d, Email ldyew6950@gmail.com
[2026-04-17T21:14:25.356Z] DATABASE OK. Menyiapkan email...
[2026-04-17T21:14:25.357Z] Mengirim ke Resend...
[2026-04-17T21:14:26.805Z] RESEND SUCCESS: {"id":"0714682f-74f3-4323-9f2f-4b50673420d7"}
[2026-04-18T00:46:14.267Z] MEMULAI PENGIRIMAN: User e963e887-1fdb-4d07-bc1a-6be3010d4678, Email mgascar12@gmail.com
[2026-04-18T00:46:14.778Z] DATABASE OK. Menyiapkan email...
[2026-04-18T00:46:14.779Z] Mengirim ke Resend...
[2026-04-18T00:46:17.332Z] RESEND SUCCESS: {"id":"9baf7e9f-3061-43a9-b073-cd15e04477fa"}
[2026-04-18T02:15:45.372Z] MEMULAI PENGIRIMAN: User 9881b33c-b205-4a53-bb13-db1ec8d0b949, Email ldyew6950@gmail.com
[2026-04-18T02:15:45.745Z] DATABASE OK. Menyiapkan email...
[2026-04-18T02:15:45.746Z] Mengirim ke Resend...
[2026-04-18T02:15:47.007Z] RESEND SUCCESS: {"id":"65b94956-5fec-4d38-ad98-4f7acfb4c823"}
[2026-04-18T12:16:53.085Z] MEMULAI PENGIRIMAN: User 084be9cb-0a19-44da-9704-71fea7fee44c, Email ldyew6950@gmail.com
[2026-04-18T12:16:54.030Z] DATABASE OK. Menyiapkan email...
[2026-04-18T12:16:54.030Z] Mengirim ke Resend menggunakan pengirim: noreply@zonageometry.id
[2026-04-18T12:16:56.416Z] RESEND SUCCESS: {"id":"ecf01707-64c5-4a6e-845b-b9fb85d63637"}
[2026-04-18T13:15:36.929Z] MEMULAI PENGIRIMAN: User a0cc00a8-ea94-40ac-93ac-5f62760f0252, Email ldyew6950@gmail.com
[2026-04-18T13:15:36.985Z] MEMULAI PENGIRIMAN: User a0cc00a8-ea94-40ac-93ac-5f62760f0252, Email ldyew6950@gmail.com
[2026-04-18T13:15:37.802Z] DATABASE OK. Menyiapkan email...
[2026-04-18T13:15:37.802Z] Mengirim ke Resend menggunakan pengirim: noreply@zonageometry.id
[2026-04-18T13:15:38.016Z] DATABASE OK. Menyiapkan email...
[2026-04-18T13:15:38.016Z] Mengirim ke Resend menggunakan pengirim: noreply@zonageometry.id
[2026-04-18T13:15:38.944Z] RESEND SUCCESS: {"id":"714e652d-3d5b-4e67-8372-87d0ec505791"}
[2026-04-18T13:15:38.957Z] RESEND SUCCESS: {"id":"fa09f355-65bb-43c4-843f-659cd16b56cd"}
[2026-04-18T13:55:52.936Z] MEMULAI PENGIRIMAN: User 12c6104d-d4d2-4aee-90c5-59fd7b5d96af, Email ldyew6950@gmail.com
[2026-04-18T13:55:52.978Z] MEMULAI PENGIRIMAN: User 12c6104d-d4d2-4aee-90c5-59fd7b5d96af, Email ldyew6950@gmail.com
[2026-04-18T13:55:55.367Z] DATABASE OK. Menyiapkan email...
[2026-04-18T13:55:55.369Z] Mengirim ke Resend menggunakan pengirim: noreply@zonageometry.id
[2026-04-18T13:55:55.393Z] DATABASE OK. Menyiapkan email...
[2026-04-18T13:55:55.394Z] Mengirim ke Resend menggunakan pengirim: noreply@zonageometry.id
[2026-04-18T13:55:57.061Z] RESEND SUCCESS: {"id":"4036332c-9459-4234-bb0b-ea6f48a6b41c"}
[2026-04-18T13:55:57.632Z] RESEND SUCCESS: {"id":"59b8be2b-ed02-4f65-b214-90e730ab89e7"}
[2026-04-19T00:06:12.784Z] MEMULAI PENGIRIMAN: User 0a49ec7f-aad2-4044-956e-4f3f84102b6a, Email ldyew6950@gmail.com
[2026-04-19T00:06:12.802Z] MEMULAI PENGIRIMAN: User 0a49ec7f-aad2-4044-956e-4f3f84102b6a, Email ldyew6950@gmail.com
[2026-04-19T00:06:13.015Z] DATABASE OK. Menyiapkan email...
[2026-04-19T00:06:13.015Z] Mengirim ke Resend menggunakan pengirim: noreply@zonageometry.id
[2026-04-19T00:06:13.407Z] DATABASE OK. Menyiapkan email...
[2026-04-19T00:06:13.407Z] Mengirim ke Resend menggunakan pengirim: noreply@zonageometry.id
[2026-04-19T00:06:15.642Z] RESEND SUCCESS: {"id":"663783ee-ad22-48c7-b305-45b0851741dc"}
[2026-04-19T00:06:15.655Z] RESEND SUCCESS: {"id":"f2608e9b-af4c-4c5b-82a0-9962185bd883"}
